build/app/outputs/mapping/release/seeds.txt
com.example.loginproject.MainActivity: MainActivity()
com.example.loginproject.MainActivity
...
com.google.firestore.v1.TargetChange: int targetChangeType_
com.google.firestore.v1.ListenRequest: int ADD_TARGET_FIELD_NUMBER
com.google.android.gms.internal.firebase-auth-api.zzhh
com.google.android.gms.internal.firebase-auth-api.zzjl: com.google.android.gms.internal.firebase-auth-api.zzaaf zze
androidx.fragment.app.FragmentManagerState: android.os.Parcelable$Creator CREATOR
com.google.firestore.v1.BatchGetDocumentsRequest: com.google.firestore.v1.DocumentMask mask_
io.grpc.internal.MessageDeframer$State: io.grpc.internal.MessageDeframer$State valueOf(java.lang.String)
android.support.v4.graphics.drawable.IconCompatParcelizer
com.google.android.gms.internal.firebase-auth-api.zzhx: int zzb
io.flutter.view.FlutterCallbackInformation: java.lang.String callbackLibraryPath
io.flutter.embedding.engine.FlutterJNI: void nativeUnregisterTexture(long,long)
com.google.firestore.v1.DocumentTransform$FieldTransform: java.lang.Object transformType_
com.google.firestore.v1.BatchGetDocumentsRequest: com.google.protobuf.Internal$ProtobufList documents_
com.google.firestore.v1.CommitRequest: int TRANSACTION_FIELD_NUMBER
com.google.firestore.v1.StructuredQuery$CollectionSelector: com.google.firestore.v1.StructuredQuery$CollectionSelector DEFAULT_INSTANCE
com.google.firebase.auth.GoogleAuthCredential: android.os.Parcelable$Creator CREATOR
com.google.firebase.firestore.remote.ConnectivityMonitor$NetworkStatus: com.google.firebase.firestore.remote.ConnectivityMonitor$NetworkStatus valueOf(java.lang.String)
com.google.firestore.v1.Document: int NAME_FIELD_NUMBER
com.google.firebase.firestore.proto.UnknownDocument: int VERSION_FIELD_NUMBER
io.flutter.embedding.engine.FlutterJNI: long performNativeAttach(io.flutter.embedding.engine.FlutterJNI,boolean)
com.google.firestore.v1.StructuredQuery: com.google.firestore.v1.StructuredQuery$Filter where_
io.flutter.view.FlutterCallbackInformation: FlutterCallbackInformation(java.lang.String,java.lang.String,java.lang.String)
io.flutter.plugin.editing.ImeSyncDeferringInsetsCallback: android.view.View access$600(io.flutter.plugin.editing.ImeSyncDeferringInsetsCallback)
io.flutter.view.AccessibilityBridge$AccessibilityFeature: io.flutter.view.AccessibilityBridge$AccessibilityFeature[] values()
com.google.firestore.v1.DocumentDelete: com.google.protobuf.Timestamp readTime_
com.google.protobuf.GeneratedMessageLite$ExtendableMessage
com.google.protobuf.Timestamp: int SECONDS_FIELD_NUMBER
com.google.android.gms.internal.firebase-auth-api.zzhb
com.google.firestore.v1.BatchGetDocumentsRequest: com.google.firestore.v1.BatchGetDocumentsRequest DEFAULT_INSTANCE
androidx.lifecycle.Lifecycle$Event: androidx.lifecycle.Lifecycle$Event ON_PAUSE
com.google.android.gms.internal.firebase-auth-api.zzlz: android.os.Parcelable$Creator CREATOR
io.flutter.embedding.android.TransparencyMode: io.flutter.embedding.android.TransparencyMode valueOf(java.lang.String)
com.google.android.gms.internal.firebase-auth-api.zzfy: int zzb
com.google.firestore.v1.Write: int UPDATE_FIELD_NUMBER
com.google.firestore.v1.Document: com.google.protobuf.Timestamp updateTime_
io.flutter.plugin.editing.ImeSyncDeferringInsetsCallback: android.view.WindowInsets access$400(io.flutter.plugin.editing.ImeSyncDeferringInsetsCallback)
io.flutter.embedding.engine.FlutterJNI: void loadLibrary()
io.flutter.embedding.engine.FlutterJNI: void onSurfaceCreated(android.view.Surface)
io.flutter.plugin.editing.ImeSyncDeferringInsetsCallback: boolean access$300(io.flutter.plugin.editing.ImeSyncDeferringInsetsCallback)
io.flutter.embedding.engine.FlutterJNI: java.util.Set engineLifecycleListeners
androidx.savedstate.Recreator
com.google.android.gms.internal.firebase-auth-api.zzic
com.google.firestore.v1.DocumentMask
com.google.firestore.v1.StructuredQuery$FieldFilter: int OP_FIELD_NUMBER
com.google.firestore.v1.DocumentDelete: com.google.protobuf.Internal$IntList removedTargetIds_