build/app/outputs/mapping/release/mapping.txt
# compiler: R8
# compiler_version: 2.1.62
# min_api: 16
# pg_map_id: c048970
# common_typos_disable
...
com.google.firebase.auth.zzk -> com.google.firebase.auth.j1:
    com.google.firebase.auth.FirebaseAuth zzb -> d
    com.google.firebase.auth.FirebaseAuth$AuthStateListener zza -> c
com.google.firebase.auth.zzl -> com.google.firebase.auth.k1:
    com.google.firebase.auth.FirebaseAuth zza -> c
    com.google.firebase.internal.InternalTokenResult zzb -> d
com.google.firebase.auth.zzm -> com.google.firebase.auth.l1:
    com.google.firebase.auth.FirebaseAuth zza -> c
com.google.firebase.auth.zzn -> com.google.firebase.auth.m1:
    com.google.firebase.auth.FirebaseAuth zza -> a
    void zzb(com.google.android.gms.common.api.Status) -> b
    void zza(com.google.android.gms.internal.firebase-auth-api.zzwv,com.google.firebase.auth.FirebaseUser) -> c
com.google.firebase.auth.zzo -> com.google.firebase.auth.n1:
    android.app.Activity zze -> e
    com.google.firebase.auth.PhoneAuthProvider$OnVerificationStateChangedCallbacks zzd -> d
    com.google.firebase.auth.FirebaseAuth zzh -> h
    long zzb -> b
    java.lang.String zza -> a
    boolean zzg -> g
    java.util.concurrent.Executor zzf -> f
    java.util.concurrent.TimeUnit zzc -> c
    void onComplete(com.google.android.gms.tasks.Task) -> a
com.google.firebase.auth.zzp -> com.google.firebase.auth.o1:
    com.google.firebase.auth.PhoneAuthOptions zza -> a
    com.google.firebase.auth.FirebaseAuth zzb -> b
    void onComplete(com.google.android.gms.tasks.Task) -> a
com.google.firebase.auth.zzq -> com.google.firebase.auth.p1:
    com.google.firebase.auth.PhoneAuthProvider$OnVerificationStateChangedCallbacks zza -> b
    com.google.firebase.auth.FirebaseAuth zzb -> c
    void onCodeAutoRetrievalTimeOut(java.lang.String) -> a
    void onCodeSent(java.lang.String,com.google.firebase.auth.PhoneAuthProvider$ForceResendingToken) -> b
    void onVerificationCompleted(com.google.firebase.auth.PhoneAuthCredential) -> c
    void onVerificationFailed(com.google.firebase.FirebaseException) -> d
com.google.firebase.auth.zzs -> com.google.firebase.auth.q1:
    com.google.firebase.auth.FirebaseAuth zza -> a
    void zza(com.google.android.gms.internal.firebase-auth-api.zzwv,com.google.firebase.auth.FirebaseUser) -> c
com.google.firebase.auth.zzt -> com.google.firebase.auth.r1:
    com.google.firebase.auth.FirebaseAuth zza -> a
    void zzb(com.google.android.gms.common.api.Status) -> b
    void zza(com.google.android.gms.internal.firebase-auth-api.zzwv,com.google.firebase.auth.FirebaseUser) -> c
com.google.firebase.auth.zzv -> com.google.firebase.auth.s1:
    com.google.firebase.components.ComponentFactory zza -> a
    java.lang.Object create(com.google.firebase.components.ComponentContainer) -> a
com.google.firebase.auth.zzw -> com.google.firebase.auth.t1:
    com.google.firebase.auth.FirebaseUser zza -> a
    java.lang.Object then(com.google.android.gms.tasks.Task) -> a
com.google.firebase.auth.zzz -> com.google.firebase.auth.u1:
com.google.firebase.components.AbstractComponentContainer -> com.google.firebase.components.a:
    java.lang.Object get(java.lang.Class) -> a
    java.util.Set setOf(java.lang.Class) -> c