build/app/outputs/mapping/release/usage.txt
com.example.loginproject.R$integer
com.example.loginproject.R$style
com.example.loginproject.R$drawable
com.example.loginproject.R$styleable
com.example.loginproject.R$color
com.example.loginproject.R$id
com.example.loginproject.R$string
com.example.loginproject.R$attr
com.example.loginproject.R$mipmap
com.example.loginproject.R$layout
com.example.loginproject.R$dimen
com.example.loginproject.BuildConfig
com.example.loginproject.R
...
com.google.common.hash.AbstractHasher
com.google.common.util.concurrent.UncaughtExceptionHandlers
io.flutter.plugins.firebaseauth.R$attr
com.google.firestore.v1.DocumentMask:
    private void setFieldPaths(int,java.lang.String)
    private void addAllFieldPaths(java.lang.Iterable)
    private void clearFieldPaths()
    private void addFieldPathsBytes(com.google.protobuf.ByteString)
    public static com.google.firestore.v1.DocumentMask parseFrom(java.nio.ByteBuffer)
    public static com.google.firestore.v1.DocumentMask parseFrom(java.nio.ByteBuffer,com.google.protobuf.ExtensionRegistryLite)
    public static com.google.firestore.v1.DocumentMask parseFrom(com.google.protobuf.ByteString)
    public static com.google.firestore.v1.DocumentMask parseFrom(com.google.protobuf.ByteString,com.google.protobuf.ExtensionRegistryLite)
    public static com.google.firestore.v1.DocumentMask parseFrom(byte[])
    public static com.google.firestore.v1.DocumentMask parseFrom(byte[],com.google.protobuf.ExtensionRegistryLite)
    public static com.google.firestore.v1.DocumentMask parseFrom(java.io.InputStream)
    public static com.google.firestore.v1.DocumentMask parseFrom(java.io.InputStream,com.google.protobuf.ExtensionRegistryLite)
    public static com.google.firestore.v1.DocumentMask parseDelimitedFrom(java.io.InputStream)
    public static com.google.firestore.v1.DocumentMask parseDelimitedFrom(java.io.InputStream,com.google.protobuf.ExtensionRegistryLite)
    public static com.google.firestore.v1.DocumentMask parseFrom(com.google.protobuf.CodedInputStream)
kotlin.annotation.Target
com.google.common.collect.Sets$PowerSet$1
com.google.android.gms.common.data.DataBufferIterator
kotlin.coroutines.ContinuationInterceptor$DefaultImpls
kotlin.jvm.Transient
com.google.api.AuthRequirementOrBuilder
com.google.common.reflect.Types$NativeTypeVariableEquals
io.grpc.okhttp.OkHttpClientTransport$2:
    public io.grpc.internal.TransportTracer$FlowControlWindows read()
com.google.android.gms.internal.auth-api-phone.zze
com.google.firebase.firestore.core.ListenSequence:
    public static final long INVALID
com.google.common.collect.AbstractListMultimap
com.google.common.util.concurrent.ExecutionSequencer$1
androidx.core.graphics.TypefaceCompatUtil
com.google.common.math.LinearTransformation$LinearTransformationBuilder
io.grpc.ForwardingClientCall:
    public synthetic bridge io.grpc.Attributes getAttributes()
    public synthetic bridge boolean isReady()
    public synthetic bridge void setMessageCompression(boolean)
    public synthetic bridge void cancel(java.lang.String,java.lang.Throwable)
io.grpc.internal.AbstractServerImplBuilder$DefaultFallbackRegistry
com.google.common.cache.RemovalNotification
com.google.common.reflect.TypeToken$TypeCollector$4
com.google.protobuf.UInt64Value$1
com.google.android.gms.common.sqlite.CursorWrapper
com.google.common.io.ByteSink
com.google.api.BackendRule$PathTranslation$1
com.google.firebase.R$layout
androidx.versionedparcelable.ParcelUtils
io.grpc.util.TransmitStatusRuntimeExceptionInterceptor$SerializingServerCall$2
com.google.android.gms.common.internal.AccountType
kotlin.reflect.KType$DefaultImpls
com.google.common.collect.AbstractBiMap
com.google.gson.JsonParser
kotlin.collections.unsigned.UArraysKt___UArraysJvmKt$asList$4
kotlin.text.CharsKt
com.google.common.base.CharMatcher$IsNot
com.google.android.gms.safetynet.SafeBrowsingData:
    public void <init>(java.lang.String)
    public void <init>(java.lang.String,com.google.android.gms.common.data.DataHolder)
    public void <init>(long,byte[])
    public void setBlacklists(byte[])
    public byte[] getBlacklists()
    public void setTempDir(java.io.File)
kotlin.ranges.ClosedFloatRange
androidx.core.view.accessibility.AccessibilityEventCompat
com.google.firebase.firestore.LoadBundleTask$$Lambda$1
com.google.android.gms.internal.firebase-auth-api.zzabm:
    void <init>()
com.google.protobuf.DescriptorProtos$SourceCodeInfo